{"level":"info","message":"Auth service running on undefined","timestamp":"2026-03-23T13:36:44.458Z"}
{"level":"info","message":"Graceful shutdown initiated","timestamp":"2026-03-23T13:36:47.317Z"}
{"level":"info","message":"Auth service running on undefined","timestamp":"2026-03-23T13:36:58.456Z"}
{"level":"info","message":"Auth service running on undefined","timestamp":"2026-03-23T13:37:28.414Z"}
{"level":"info","message":"User service running on undefined","timestamp":"2026-03-23T13:37:32.944Z"}
{"level":"info","message":"User service running on 5001","timestamp":"2026-03-23T13:38:21.885Z"}
{"level":"info","message":"REDIS GET: session:c64e68e9-42d3-4a91-893c-025e3749a576","timestamp":"2026-03-23T13:39:50.979Z"}
{"level":"info","message":"Graceful shutdown initiated","timestamp":"2026-03-23T13:39:59.418Z"}
{"level":"info","message":"User service running on 5001","timestamp":"2026-03-23T16:20:53.371Z"}
{"level":"info","message":"REDIS GET: session:c64e68e9-42d3-4a91-893c-025e3749a576","timestamp":"2026-03-23T16:21:53.302Z"}
{"level":"info","message":"User service running on 5001","timestamp":"2026-03-23T16:30:31.558Z"}
{"level":"info","message":"REDIS GET: session:c64e68e9-42d3-4a91-893c-025e3749a576","timestamp":"2026-03-23T16:37:43.331Z"}
{"level":"info","message":"REDIS GET: session:c64e68e9-42d3-4a91-893c-025e3749a576","timestamp":"2026-03-23T16:39:48.904Z"}
{"level":"info","message":"User service running on 5001","timestamp":"2026-03-24T09:00:19.160Z"}
{"level":"info","message":"REDIS GET: session:c64e68e9-42d3-4a91-893c-025e3749a576","timestamp":"2026-03-24T09:01:47.085Z"}
{"level":"info","message":"REDIS GET: session:c64e68e9-42d3-4a91-893c-025e3749a576","timestamp":"2026-03-24T09:01:49.302Z"}
{"level":"info","message":"REDIS GET: session:c64e68e9-42d3-4a91-893c-025e3749a576","timestamp":"2026-03-24T09:01:58.971Z"}
{"level":"info","message":"REDIS GET: session:c64e68e9-42d3-4a91-893c-025e3749a576","timestamp":"2026-03-24T09:02:19.571Z"}
{"level":"info","message":"REDIS GET: session:c64e68e9-42d3-4a91-893c-025e3749a576","timestamp":"2026-03-24T09:02:21.683Z"}
{"level":"info","message":"REDIS GET: session:c64e68e9-42d3-4a91-893c-025e3749a576","timestamp":"2026-03-24T09:02:22.468Z"}
{"level":"info","message":"REDIS GET: session:c64e68e9-42d3-4a91-893c-025e3749a576","timestamp":"2026-03-24T09:02:22.995Z"}
{"level":"info","message":"REDIS GET: session:c64e68e9-42d3-4a91-893c-025e3749a576","timestamp":"2026-03-24T09:02:25.458Z"}
{"level":"info","message":"REDIS GET: session:c64e68e9-42d3-4a91-893c-025e3749a576","timestamp":"2026-03-24T09:02:26.155Z"}
{"level":"info","message":"REDIS GET: session:c64e68e9-42d3-4a91-893c-025e3749a576","timestamp":"2026-03-24T09:04:38.697Z"}
{"level":"info","message":"REDIS GET: session:c64e68e9-42d3-4a91-893c-025e3749a576","timestamp":"2026-03-24T09:04:41.370Z"}
{"level":"info","message":"REDIS GET: session:c64e68e9-42d3-4a91-893c-025e3749a576","timestamp":"2026-03-24T09:05:31.339Z"}
{"level":"info","message":"REDIS GET: session:c64e68e9-42d3-4a91-893c-025e3749a576","timestamp":"2026-03-24T09:05:33.766Z"}
{"level":"info","message":"REDIS GET: session:c64e68e9-42d3-4a91-893c-025e3749a576","timestamp":"2026-03-24T09:05:45.612Z"}
{"level":"info","message":"REDIS GET: session:c64e68e9-42d3-4a91-893c-025e3749a576","timestamp":"2026-03-24T09:05:47.769Z"}
{"level":"info","message":"REDIS GET: session:c64e68e9-42d3-4a91-893c-025e3749a576","timestamp":"2026-03-24T09:05:48.299Z"}
{"level":"info","message":"REDIS GET: session:c64e68e9-42d3-4a91-893c-025e3749a576","timestamp":"2026-03-24T09:05:58.059Z"}
{"level":"info","message":"REDIS GET: session:c64e68e9-42d3-4a91-893c-025e3749a576","timestamp":"2026-03-24T09:05:58.928Z"}
{"level":"info","message":"REDIS GET: session:c64e68e9-42d3-4a91-893c-025e3749a576","timestamp":"2026-03-24T09:06:03.113Z"}
{"level":"info","message":"REDIS GET: session:c64e68e9-42d3-4a91-893c-025e3749a576","timestamp":"2026-03-24T09:06:03.641Z"}
{"level":"info","message":"REDIS GET: session:c64e68e9-42d3-4a91-893c-025e3749a576","timestamp":"2026-03-24T09:06:06.415Z"}
{"level":"info","message":"REDIS GET: session:c64e68e9-42d3-4a91-893c-025e3749a576","timestamp":"2026-03-24T09:06:06.935Z"}
{"level":"info","message":"REDIS GET: session:c64e68e9-42d3-4a91-893c-025e3749a576","timestamp":"2026-03-24T09:06:09.921Z"}
{"level":"info","message":"REDIS GET: session:c64e68e9-42d3-4a91-893c-025e3749a576","timestamp":"2026-03-24T09:06:10.444Z"}
{"level":"info","message":"REDIS GET: session:c64e68e9-42d3-4a91-893c-025e3749a576","timestamp":"2026-03-24T09:13:09.282Z"}
{"level":"info","message":"REDIS GET: session:c64e68e9-42d3-4a91-893c-025e3749a576","timestamp":"2026-03-24T09:13:12.512Z"}
{"level":"info","message":"REDIS GET: session:c64e68e9-42d3-4a91-893c-025e3749a576","timestamp":"2026-03-24T09:13:13.043Z"}
{"level":"info","message":"REDIS GET: session:c64e68e9-42d3-4a91-893c-025e3749a576","timestamp":"2026-03-24T09:13:13.574Z"}
{"level":"info","message":"REDIS GET: session:c64e68e9-42d3-4a91-893c-025e3749a576","timestamp":"2026-03-24T09:13:16.429Z"}
{"level":"info","message":"REDIS GET: session:c64e68e9-42d3-4a91-893c-025e3749a576","timestamp":"2026-03-24T09:13:17.235Z"}
{"level":"info","message":"REDIS GET: session:c64e68e9-42d3-4a91-893c-025e3749a576","timestamp":"2026-03-24T09:14:13.773Z"}
{"level":"info","message":"REDIS GET: session:c64e68e9-42d3-4a91-893c-025e3749a576","timestamp":"2026-03-24T09:14:15.868Z"}
{"level":"info","message":"REDIS GET: session:c64e68e9-42d3-4a91-893c-025e3749a576","timestamp":"2026-03-24T09:14:18.372Z"}
{"level":"info","message":"REDIS GET: session:c64e68e9-42d3-4a91-893c-025e3749a576","timestamp":"2026-03-24T09:14:19.228Z"}
{"level":"info","message":"REDIS GET: session:c64e68e9-42d3-4a91-893c-025e3749a576","timestamp":"2026-03-24T09:15:00.711Z"}
{"level":"info","message":"REDIS GET: session:c64e68e9-42d3-4a91-893c-025e3749a576","timestamp":"2026-03-24T09:15:02.830Z"}
{"level":"info","message":"REDIS GET: session:c64e68e9-42d3-4a91-893c-025e3749a576","timestamp":"2026-03-24T09:15:03.316Z"}
{"level":"info","message":"REDIS GET: session:c64e68e9-42d3-4a91-893c-025e3749a576","timestamp":"2026-03-24T09:15:05.602Z"}
{"level":"info","message":"REDIS GET: session:c64e68e9-42d3-4a91-893c-025e3749a576","timestamp":"2026-03-24T09:15:06.280Z"}
{"level":"info","message":"REDIS GET: session:c64e68e9-42d3-4a91-893c-025e3749a576","timestamp":"2026-03-24T09:15:07.109Z"}
{"level":"info","message":"REDIS GET: session:c64e68e9-42d3-4a91-893c-025e3749a576","timestamp":"2026-03-24T09:15:07.636Z"}
{"level":"info","message":"REDIS GET: session:c64e68e9-42d3-4a91-893c-025e3749a576","timestamp":"2026-03-24T09:15:41.574Z"}
{"level":"info","message":"REDIS GET: session:c64e68e9-42d3-4a91-893c-025e3749a576","timestamp":"2026-03-24T09:15:43.685Z"}
{"level":"info","message":"REDIS GET: session:c64e68e9-42d3-4a91-893c-025e3749a576","timestamp":"2026-03-24T09:15:56.313Z"}
{"level":"info","message":"REDIS GET: session:c64e68e9-42d3-4a91-893c-025e3749a576","timestamp":"2026-03-24T09:15:58.547Z"}
{"level":"info","message":"REDIS GET: session:c64e68e9-42d3-4a91-893c-025e3749a576","timestamp":"2026-03-24T09:16:02.366Z"}
{"level":"info","message":"REDIS GET: session:c64e68e9-42d3-4a91-893c-025e3749a576","timestamp":"2026-03-24T09:16:03.102Z"}
{"level":"info","message":"REDIS GET: session:c64e68e9-42d3-4a91-893c-025e3749a576","timestamp":"2026-03-24T09:17:11.319Z"}
{"level":"info","message":"REDIS GET: session:c64e68e9-42d3-4a91-893c-025e3749a576","timestamp":"2026-03-24T09:17:13.469Z"}
{"level":"info","message":"REDIS GET: session:c64e68e9-42d3-4a91-893c-025e3749a576","timestamp":"2026-03-24T09:17:18.469Z"}
{"level":"info","message":"REDIS GET: session:c64e68e9-42d3-4a91-893c-025e3749a576","timestamp":"2026-03-24T09:17:20.170Z"}
{"level":"info","message":"REDIS GET: session:c64e68e9-42d3-4a91-893c-025e3749a576","timestamp":"2026-03-24T09:17:28.532Z"}
{"level":"info","message":"REDIS GET: session:c64e68e9-42d3-4a91-893c-025e3749a576","timestamp":"2026-03-24T09:17:29.260Z"}
{"level":"info","message":"REDIS GET: session:c64e68e9-42d3-4a91-893c-025e3749a576","timestamp":"2026-03-24T09:17:34.088Z"}
{"level":"info","message":"REDIS GET: session:c64e68e9-42d3-4a91-893c-025e3749a576","timestamp":"2026-03-24T09:17:34.881Z"}
{"level":"info","message":"REDIS GET: session:c64e68e9-42d3-4a91-893c-025e3749a576","timestamp":"2026-03-24T09:17:57.906Z"}
{"level":"info","message":"REDIS GET: session:c64e68e9-42d3-4a91-893c-025e3749a576","timestamp":"2026-03-24T09:18:00.077Z"}
{"level":"info","message":"REDIS GET: session:c64e68e9-42d3-4a91-893c-025e3749a576","timestamp":"2026-03-24T09:18:05.086Z"}
{"level":"info","message":"REDIS GET: session:c64e68e9-42d3-4a91-893c-025e3749a576","timestamp":"2026-03-24T09:18:05.841Z"}
{"level":"info","message":"REDIS GET: session:c64e68e9-42d3-4a91-893c-025e3749a576","timestamp":"2026-03-24T09:19:48.900Z"}
{"level":"info","message":"REDIS GET: session:c64e68e9-42d3-4a91-893c-025e3749a576","timestamp":"2026-03-24T09:19:51.040Z"}
{"level":"info","message":"REDIS GET: session:c64e68e9-42d3-4a91-893c-025e3749a576","timestamp":"2026-03-24T09:20:06.834Z"}
{"level":"info","message":"REDIS GET: session:c64e68e9-42d3-4a91-893c-025e3749a576","timestamp":"2026-03-24T09:20:09.018Z"}
{"level":"info","message":"REDIS GET: session:c64e68e9-42d3-4a91-893c-025e3749a576","timestamp":"2026-03-24T09:20:14.610Z"}
{"level":"info","message":"REDIS GET: session:c64e68e9-42d3-4a91-893c-025e3749a576","timestamp":"2026-03-24T09:20:15.147Z"}
{"level":"info","message":"REDIS GET: session:c64e68e9-42d3-4a91-893c-025e3749a576","timestamp":"2026-03-24T09:20:18.815Z"}
{"level":"info","message":"REDIS GET: session:c64e68e9-42d3-4a91-893c-025e3749a576","timestamp":"2026-03-24T09:20:19.352Z"}
{"level":"info","message":"REDIS GET: session:c64e68e9-42d3-4a91-893c-025e3749a576","timestamp":"2026-03-24T09:21:14.682Z"}
{"level":"info","message":"REDIS GET: session:c64e68e9-42d3-4a91-893c-025e3749a576","timestamp":"2026-03-24T09:21:16.853Z"}
{"level":"info","message":"REDIS GET: session:c64e68e9-42d3-4a91-893c-025e3749a576","timestamp":"2026-03-24T09:21:17.383Z"}
{"level":"info","message":"REDIS GET: session:c64e68e9-42d3-4a91-893c-025e3749a576","timestamp":"2026-03-24T09:21:17.922Z"}
{"level":"info","message":"REDIS GET: session:c64e68e9-42d3-4a91-893c-025e3749a576","timestamp":"2026-03-24T09:21:23.248Z"}
{"level":"info","message":"REDIS GET: session:c64e68e9-42d3-4a91-893c-025e3749a576","timestamp":"2026-03-24T09:21:24.057Z"}
{"level":"info","message":"REDIS GET: session:c64e68e9-42d3-4a91-893c-025e3749a576","timestamp":"2026-03-24T09:21:31.182Z"}
{"level":"info","message":"REDIS GET: session:c64e68e9-42d3-4a91-893c-025e3749a576","timestamp":"2026-03-24T09:21:31.989Z"}
{"level":"info","message":"REDIS GET: session:c64e68e9-42d3-4a91-893c-025e3749a576","timestamp":"2026-03-24T09:21:51.216Z"}
{"level":"info","message":"REDIS GET: session:c64e68e9-42d3-4a91-893c-025e3749a576","timestamp":"2026-03-24T09:24:24.577Z"}
{"level":"info","message":"REDIS GET: session:c64e68e9-42d3-4a91-893c-025e3749a576","timestamp":"2026-03-24T09:41:21.119Z"}
{"level":"info","message":"REDIS GET: session:c64e68e9-42d3-4a91-893c-025e3749a576","timestamp":"2026-03-24T09:41:23.200Z"}
{"level":"info","message":"REDIS GET: session:c64e68e9-42d3-4a91-893c-025e3749a576","timestamp":"2026-03-24T09:41:32.530Z"}
{"level":"info","message":"REDIS GET: session:c64e68e9-42d3-4a91-893c-025e3749a576","timestamp":"2026-03-24T09:41:37.436Z"}
{"level":"info","message":"REDIS GET: session:91679cc4-fcad-4ce3-9fee-aee82dd361a6","timestamp":"2026-03-24T10:11:34.855Z"}
{"level":"info","message":"REDIS GET: session:91679cc4-fcad-4ce3-9fee-aee82dd361a6","timestamp":"2026-03-24T10:11:37.022Z"}
{"level":"info","message":"User service running on 5001","timestamp":"2026-03-24T10:25:21.211Z"}
{"level":"info","message":"User service running on 5001","timestamp":"2026-03-24T11:06:39.930Z"}
